<!DOCTYPE html PUBLIC "-//W3C//DTD XHTML 1.1//EN" "https://www.w3.org/TR/xhtml11/DTD/xhtml11.dtd">
<html xmlns="https://www.w3.org/1999/xhtml">
<head>
<meta http-equiv="content-type" content="text/html; charset=UTF-8"/>
<title>TestNG Report</title>
<style type="text/css">table {margin-bottom:10px;border-collapse:collapse;empty-cells:show}th,td {border:1px solid #009;padding:.25em .5em}th {vertical-align:bottom}td {vertical-align:top}table a {font-weight:bold}.stripe td {background-color: #E6EBF9}.num {text-align:right}.passedodd td {background-color: #3F3}.passedeven td {background-color: #0A0}.skippedodd td {background-color: #DDD}.skippedeven td {background-color: #CCC}.failedodd td,.attn {background-color: #F33}.failedeven td,.stripe .attn {background-color: #D00}.stacktrace {white-space:pre;font-family:monospace}.totop {font-size:85%;text-align:center;border-bottom:2px solid #000}.invisible {display:none}</style>
</head>
<body>
<table>
<tr><th>Test</th><th># Passed</th><th># Skipped</th><th># Retried</th><th># Failed</th><th>Time (ms)</th><th>Included Groups</th><th>Excluded Groups</th></tr>
<tr><th colspan="8">mySuite</th></tr>
<tr><td><a href="#t0">MyTest1</a></td><td class="num">4</td><td class="num">0</td><td class="num">0</td><td class="num attn">1</td><td class="num">35,144</td><td></td><td></td></tr>
<tr class="stripe"><td><a href="#t1">MyTest2</a></td><td class="num">4</td><td class="num">0</td><td class="num">0</td><td class="num attn">1</td><td class="num">80,737</td><td></td><td></td></tr>
<tr><td><a href="#t2">MyTest3</a></td><td class="num">3</td><td class="num">0</td><td class="num">0</td><td class="num attn">2</td><td class="num">102,520</td><td></td><td></td></tr>
<tr class="stripe"><td><a href="#t3">MyTest4</a></td><td class="num">4</td><td class="num">0</td><td class="num">0</td><td class="num attn">1</td><td class="num">67,431</td><td></td><td></td></tr>
<tr><td><a href="#t4">MyTest5</a></td><td class="num">5</td><td class="num">0</td><td class="num">0</td><td class="num">0</td><td class="num">73,180</td><td></td><td></td></tr>
<tr class="stripe"><td><a href="#t5">MyTest6</a></td><td class="num">7</td><td class="num">0</td><td class="num">0</td><td class="num attn">1</td><td class="num">113,012</td><td></td><td></td></tr>
<tr><td><a href="#t6">MyTest7</a></td><td class="num">3</td><td class="num">0</td><td class="num">0</td><td class="num attn">2</td><td class="num">113,339</td><td></td><td></td></tr>
<tr><th>Total</th><th class="num">30</th><th class="num">0</th><th class="num">0</th><th class="num attn">8</th><th class="num">585,363</th><th colspan="2"></th></tr>
</table>
<table id='summary'><thead><tr><th>Class</th><th>Method</th><th>Start</th><th>Time (ms)</th></tr></thead><tbody><tr><th colspan="4">mySuite</th></tr></tbody><tbody id="t0"><tr><th colspan="4">MyTest1 &#8212; failed</th></tr><tr class="failedeven"><td rowspan="1">com.training.Test.SalesForceAutomationTestCasesForLogin</td><td><a href="#m0">TestCase3</a></td><td rowspan="1">1719092690709</td><td rowspan="1">7799</td></tr><tr><th colspan="4">MyTest1 &#8212; passed</th></tr><tr class="passedeven"><td rowspan="4">com.training.Test.SalesForceAutomationTestCasesForLogin</td><td><a href="#m1">TestCase1</a></td><td rowspan="1">1719092680537</td><td rowspan="1">1724</td></tr><tr class="passedeven"><td><a href="#m2">TestCase2</a></td><td rowspan="1">1719092685216</td><td rowspan="1">2758</td></tr><tr class="passedeven"><td><a href="#m3">TestCase4</a></td><td rowspan="1">1719092700487</td><td rowspan="1">1835</td></tr><tr class="passedeven"><td><a href="#m4">TestCase5</a></td><td rowspan="1">1719092705033</td><td rowspan="1">6034</td></tr></tbody>
<tbody id="t1"><tr><th colspan="4">MyTest2 &#8212; failed</th></tr><tr class="failedeven"><td rowspan="1">com.training.Test.SalesForceAutomationTestCaseForUserMenu</td><td><a href="#m5">TestCase6</a></td><td rowspan="1">1719092725088</td><td rowspan="1">26978</td></tr><tr><th colspan="4">MyTest2 &#8212; passed</th></tr><tr class="passedeven"><td rowspan="4">com.training.Test.SalesForceAutomationTestCaseForUserMenu</td><td><a href="#m6">TestCase5</a></td><td rowspan="1">1719092714583</td><td rowspan="1">7888</td></tr><tr class="passedeven"><td><a href="#m7">TestCase7</a></td><td rowspan="1">1719092754699</td><td rowspan="1">17619</td></tr><tr class="passedeven"><td><a href="#m8">TestCase8</a></td><td rowspan="1">1719092774996</td><td rowspan="1">7464</td></tr><tr class="passedeven"><td><a href="#m9">TestCase9</a></td><td rowspan="1">1719092785087</td><td rowspan="1">7251</td></tr></tbody>
<tbody id="t2"><tr><th colspan="4">MyTest3 &#8212; failed</th></tr><tr class="failedeven"><td rowspan="2">com.training.Test.SalesForceAutomationTestCasesForCreateAccount</td><td><a href="#m10">TestCase11</a></td><td rowspan="1">1719092812376</td><td rowspan="1">19788</td></tr><tr class="failedeven"><td><a href="#m11">TestCase12</a></td><td rowspan="1">1719092835259</td><td rowspan="1">20056</td></tr><tr><th colspan="4">MyTest3 &#8212; passed</th></tr><tr class="passedeven"><td rowspan="3">com.training.Test.SalesForceAutomationTestCasesForCreateAccount</td><td><a href="#m12">TestCase10</a></td><td rowspan="1">1719092795278</td><td rowspan="1">14152</td></tr><tr class="passedeven"><td><a href="#m13">TestCase13</a></td><td rowspan="1">1719092858837</td><td rowspan="1">20642</td></tr><tr class="passedeven"><td><a href="#m14">TestCase14</a></td><td rowspan="1">1719092882222</td><td rowspan="1">12678</td></tr></tbody>
<tbody id="t3"><tr><th colspan="4">MyTest4 &#8212; failed</th></tr><tr class="failedeven"><td rowspan="1">com.training.Test.SalesForceAutomationTestCasesForOpportunities</td><td><a href="#m15">TestCase19</a></td><td rowspan="1">1719092938863</td><td rowspan="1">8833</td></tr><tr><th colspan="4">MyTest4 &#8212; passed</th></tr><tr class="passedeven"><td rowspan="4">com.training.Test.SalesForceAutomationTestCasesForOpportunities</td><td><a href="#m16">TestCase15</a></td><td rowspan="1">1719092897899</td><td rowspan="1">9464</td></tr><tr class="passedeven"><td><a href="#m17">TestCase16</a></td><td rowspan="1">1719092910613</td><td rowspan="1">12914</td></tr><tr class="passedeven"><td><a href="#m18">TestCase17</a></td><td rowspan="1">1719092926119</td><td rowspan="1">9821</td></tr><tr class="passedeven"><td><a href="#m19">Testcase18</a></td><td rowspan="1">1719092951252</td><td rowspan="1">11122</td></tr></tbody>
<tbody id="t4"><tr><th colspan="4">MyTest5 &#8212; passed</th></tr><tr class="passedeven"><td rowspan="5">com.training.Test.SalesForceAutomationTestCasesForLeads</td><td><a href="#m20">TestCase20</a></td><td rowspan="1">1719092965453</td><td rowspan="1">9783</td></tr><tr class="passedeven"><td><a href="#m21">TestCase21</a></td><td rowspan="1">1719092978023</td><td rowspan="1">6617</td></tr><tr class="passedeven"><td><a href="#m22">TestCase22</a></td><td rowspan="1">1719092987532</td><td rowspan="1">18613</td></tr><tr class="passedeven"><td><a href="#m23">TestCase23</a></td><td rowspan="1">1719093009136</td><td rowspan="1">10442</td></tr><tr class="passedeven"><td><a href="#m24">TestCase24</a></td><td rowspan="1">1719093022630</td><td rowspan="1">13004</td></tr></tbody>
<tbody id="t5"><tr><th colspan="4">MyTest6 &#8212; failed</th></tr><tr class="failedeven"><td rowspan="1">com.training.Test.SalesForceAutomationTestCasesForContacts</td><td><a href="#m25">TestCase26</a></td><td rowspan="1">1719093054845</td><td rowspan="1">19223</td></tr><tr><th colspan="4">MyTest6 &#8212; passed</th></tr><tr class="passedeven"><td rowspan="7">com.training.Test.SalesForceAutomationTestCasesForContacts</td><td><a href="#m26">TestCase25</a></td><td rowspan="1">1719093038701</td><td rowspan="1">13859</td></tr><tr class="passedeven"><td><a href="#m27">TestCase27</a></td><td rowspan="1">1719093077543</td><td rowspan="1">6709</td></tr><tr class="passedeven"><td><a href="#m28">TestCase28</a></td><td rowspan="1">1719093087558</td><td rowspan="1">7245</td></tr><tr class="passedeven"><td><a href="#m29">TestCase29</a></td><td rowspan="1">1719093097864</td><td rowspan="1">10630</td></tr><tr class="passedeven"><td><a href="#m30">TestCase30</a></td><td rowspan="1">1719093111449</td><td rowspan="1">10557</td></tr><tr class="passedeven"><td><a href="#m31">TestCase31</a></td><td rowspan="1">1719093125055</td><td rowspan="1">10820</td></tr><tr class="passedeven"><td><a href="#m32">TestCase32</a></td><td rowspan="1">1719093138833</td><td rowspan="1">9844</td></tr></tbody>
<tbody id="t6"><tr><th colspan="4">MyTest7 &#8212; failed</th></tr><tr class="failedeven"><td rowspan="2">com.training.Test.SalesForceAutomationTestCasesForRandomScenarios</td><td><a href="#m33">TestCase36</a></td><td rowspan="1">1719093217529</td><td rowspan="1">22026</td></tr><tr class="failedeven"><td><a href="#m34">TestCase37</a></td><td rowspan="1">1719093243064</td><td rowspan="1">18893</td></tr><tr><th colspan="4">MyTest7 &#8212; passed</th></tr><tr class="passedeven"><td rowspan="3">com.training.Test.SalesForceAutomationTestCasesForRandomScenarios</td><td><a href="#m35">TestCase33</a></td><td rowspan="1">1719093151666</td><td rowspan="1">18401</td></tr><tr class="passedeven"><td><a href="#m36">TestCase34</a></td><td rowspan="1">1719093172675</td><td rowspan="1">20919</td></tr><tr class="passedeven"><td><a href="#m37">TestCase35</a></td><td rowspan="1">1719093196389</td><td rowspan="1">17939</td></tr></tbody>
</table>
<h2>MyTest1</h2><h3 id="m0">com.training.Test.SalesForceAutomationTestCasesForLogin#TestCase3</h3><table class="result"><tr><th>Exception</th></tr><tr><td><div class="stacktrace">org.openqa.selenium.NoSuchElementException: no such element: Unable to locate element: {&quot;method&quot;:&quot;xpath&quot;,&quot;selector&quot;:&quot;//div[@id=&apos;username_container&apos;]/div&quot;}
  (Session info: chrome=126.0.6478.62)
For documentation on this error, please visit: https://www.seleniumhq.org/exceptions/no_such_element.html
Build info: version: &apos;3.141.59&apos;, revision: &apos;e82be7d358&apos;, time: &apos;2018-11-14T08:17:03&apos;
System info: host: &apos;DESKTOP-9INP9V7&apos;, ip: &apos;10.0.0.177&apos;, os.name: &apos;Windows 10&apos;, os.arch: &apos;amd64&apos;, os.version: &apos;10.0&apos;, java.version: &apos;17.0.1&apos;
Driver info: org.openqa.selenium.chrome.ChromeDriver
Capabilities {acceptInsecureCerts: false, browserName: chrome, browserVersion: 126.0.6478.62, chrome: {chromedriverVersion: 126.0.6478.63 (df799988fdc9..., userDataDir: C:\Users\Gowtham\AppData\Lo...}, fedcm:accounts: true, goog:chromeOptions: {debuggerAddress: localhost:63592}, javascriptEnabled: true, networkConnectionEnabled: false, pageLoadStrategy: normal, platform: WINDOWS, platformName: WINDOWS, proxy: Proxy(), setWindowRect: true, strictFileInteractability: false, timeouts: {implicit: 0, pageLoad: 300000, script: 30000}, unhandledPromptBehavior: dismiss and notify, webauthn:extension:credBlob: true, webauthn:extension:largeBlob: true, webauthn:extension:minPinLength: true, webauthn:extension:prf: true, webauthn:virtualAuthenticators: true}
Session ID: 4d717672ccdcdaf424a186749411c87c
*** Element info: {Using=xpath, value=//div[@id=&apos;username_container&apos;]/div}
	at org.openqa.selenium.remote.http.W3CHttpResponseCodec.createException(W3CHttpResponseCodec.java:187)
	at org.openqa.selenium.remote.http.W3CHttpResponseCodec.decode(W3CHttpResponseCodec.java:122)
	at org.openqa.selenium.remote.http.W3CHttpResponseCodec.decode(W3CHttpResponseCodec.java:49)
	at org.openqa.selenium.remote.HttpCommandExecutor.execute(HttpCommandExecutor.java:158)
	at org.openqa.selenium.remote.service.DriverCommandExecutor.execute(DriverCommandExecutor.java:83)
	at org.openqa.selenium.remote.RemoteWebDriver.execute(RemoteWebDriver.java:552)
	at org.openqa.selenium.remote.RemoteWebDriver.findElement(RemoteWebDriver.java:323)
	at org.openqa.selenium.remote.RemoteWebDriver.findElementByXPath(RemoteWebDriver.java:428)
	at org.openqa.selenium.By$ByXPath.findElement(By.java:353)
	at org.openqa.selenium.remote.RemoteWebDriver.findElement(RemoteWebDriver.java:315)
	at com.training.Test.SalesForceAutomationTestCasesForLogin.TestCase3(SalesForceAutomationTestCasesForLogin.java:66)
	at java.base/java.util.ArrayList.forEach(ArrayList.java:1511)
... Removed 32 stack frames</div></td></tr></table><p class="totop"><a href="#summary">back to summary</a></p>
<h3 id="m1">com.training.Test.SalesForceAutomationTestCasesForLogin#TestCase1</h3><table class="result"><tr><th class="invisible"/></tr></table><p class="totop"><a href="#summary">back to summary</a></p>
<h3 id="m2">com.training.Test.SalesForceAutomationTestCasesForLogin#TestCase2</h3><table class="result"><tr><th class="invisible"/></tr></table><p class="totop"><a href="#summary">back to summary</a></p>
<h3 id="m3">com.training.Test.SalesForceAutomationTestCasesForLogin#TestCase4</h3><table class="result"><tr><th class="invisible"/></tr></table><p class="totop"><a href="#summary">back to summary</a></p>
<h3 id="m4">com.training.Test.SalesForceAutomationTestCasesForLogin#TestCase5</h3><table class="result"><tr><th class="invisible"/></tr></table><p class="totop"><a href="#summary">back to summary</a></p>
<h2>MyTest2</h2><h3 id="m5">com.training.Test.SalesForceAutomationTestCaseForUserMenu#TestCase6</h3><table class="result"><tr><th>Exception</th></tr><tr><td><div class="stacktrace">org.openqa.selenium.NoSuchElementException: no such element: Unable to locate element: {&quot;method&quot;:&quot;css selector&quot;,&quot;selector&quot;:&quot;#tailBreadcrumbNode&quot;}
  (Session info: chrome=126.0.6478.62)
For documentation on this error, please visit: https://www.seleniumhq.org/exceptions/no_such_element.html
Build info: version: &apos;3.141.59&apos;, revision: &apos;e82be7d358&apos;, time: &apos;2018-11-14T08:17:03&apos;
System info: host: &apos;DESKTOP-9INP9V7&apos;, ip: &apos;10.0.0.177&apos;, os.name: &apos;Windows 10&apos;, os.arch: &apos;amd64&apos;, os.version: &apos;10.0&apos;, java.version: &apos;17.0.1&apos;
Driver info: org.openqa.selenium.chrome.ChromeDriver
Capabilities {acceptInsecureCerts: false, browserName: chrome, browserVersion: 126.0.6478.62, chrome: {chromedriverVersion: 126.0.6478.63 (df799988fdc9..., userDataDir: C:\Users\Gowtham\AppData\Lo...}, fedcm:accounts: true, goog:chromeOptions: {debuggerAddress: localhost:63783}, javascriptEnabled: true, networkConnectionEnabled: false, pageLoadStrategy: normal, platform: WINDOWS, platformName: WINDOWS, proxy: Proxy(), setWindowRect: true, strictFileInteractability: false, timeouts: {implicit: 0, pageLoad: 300000, script: 30000}, unhandledPromptBehavior: dismiss and notify, webauthn:extension:credBlob: true, webauthn:extension:largeBlob: true, webauthn:extension:minPinLength: true, webauthn:extension:prf: true, webauthn:virtualAuthenticators: true}
Session ID: 217c6fa9179e6616bfc072cb40232a74
*** Element info: {Using=id, value=tailBreadcrumbNode}
	at org.openqa.selenium.remote.http.W3CHttpResponseCodec.createException(W3CHttpResponseCodec.java:187)
	at org.openqa.selenium.remote.http.W3CHttpResponseCodec.decode(W3CHttpResponseCodec.java:122)
	at org.openqa.selenium.remote.http.W3CHttpResponseCodec.decode(W3CHttpResponseCodec.java:49)
	at org.openqa.selenium.remote.HttpCommandExecutor.execute(HttpCommandExecutor.java:158)
	at org.openqa.selenium.remote.service.DriverCommandExecutor.execute(DriverCommandExecutor.java:83)
	at org.openqa.selenium.remote.RemoteWebDriver.execute(RemoteWebDriver.java:552)
	at org.openqa.selenium.remote.RemoteWebDriver.findElement(RemoteWebDriver.java:323)
	at org.openqa.selenium.remote.RemoteWebDriver.findElementById(RemoteWebDriver.java:372)
	at org.openqa.selenium.By$ById.findElement(By.java:188)
	at org.openqa.selenium.remote.RemoteWebDriver.findElement(RemoteWebDriver.java:315)
	at com.training.Test.SalesForceAutomationTestCaseForUserMenu.TestCase6(SalesForceAutomationTestCaseForUserMenu.java:64)
	at java.base/java.util.ArrayList.forEach(ArrayList.java:1511)
... Removed 32 stack frames</div></td></tr></table><p class="totop"><a href="#summary">back to summary</a></p>
<h3 id="m6">com.training.Test.SalesForceAutomationTestCaseForUserMenu#TestCase5</h3><table class="result"><tr><th class="invisible"/></tr></table><p class="totop"><a href="#summary">back to summary</a></p>
<h3 id="m7">com.training.Test.SalesForceAutomationTestCaseForUserMenu#TestCase7</h3><table class="result"><tr><th class="invisible"/></tr></table><p class="totop"><a href="#summary">back to summary</a></p>
<h3 id="m8">com.training.Test.SalesForceAutomationTestCaseForUserMenu#TestCase8</h3><table class="result"><tr><th class="invisible"/></tr></table><p class="totop"><a href="#summary">back to summary</a></p>
<h3 id="m9">com.training.Test.SalesForceAutomationTestCaseForUserMenu#TestCase9</h3><table class="result"><tr><th class="invisible"/></tr></table><p class="totop"><a href="#summary">back to summary</a></p>
<h2>MyTest3</h2><h3 id="m10">com.training.Test.SalesForceAutomationTestCasesForCreateAccount#TestCase11</h3><table class="result"><tr><th>Exception</th></tr><tr><td><div class="stacktrace">org.openqa.selenium.NoSuchElementException: no such element: Unable to locate element: {&quot;method&quot;:&quot;xpath&quot;,&quot;selector&quot;:&quot;//select[@id=&apos;fcf&apos;]&quot;}
  (Session info: chrome=126.0.6478.62)
For documentation on this error, please visit: https://www.seleniumhq.org/exceptions/no_such_element.html
Build info: version: &apos;3.141.59&apos;, revision: &apos;e82be7d358&apos;, time: &apos;2018-11-14T08:17:03&apos;
System info: host: &apos;DESKTOP-9INP9V7&apos;, ip: &apos;10.0.0.177&apos;, os.name: &apos;Windows 10&apos;, os.arch: &apos;amd64&apos;, os.version: &apos;10.0&apos;, java.version: &apos;17.0.1&apos;
Driver info: org.openqa.selenium.chrome.ChromeDriver
Capabilities {acceptInsecureCerts: false, browserName: chrome, browserVersion: 126.0.6478.62, chrome: {chromedriverVersion: 126.0.6478.63 (df799988fdc9..., userDataDir: C:\Users\Gowtham\AppData\Lo...}, fedcm:accounts: true, goog:chromeOptions: {debuggerAddress: localhost:64048}, javascriptEnabled: true, networkConnectionEnabled: false, pageLoadStrategy: normal, platform: WINDOWS, platformName: WINDOWS, proxy: Proxy(), setWindowRect: true, strictFileInteractability: false, timeouts: {implicit: 0, pageLoad: 300000, script: 30000}, unhandledPromptBehavior: dismiss and notify, webauthn:extension:credBlob: true, webauthn:extension:largeBlob: true, webauthn:extension:minPinLength: true, webauthn:extension:prf: true, webauthn:virtualAuthenticators: true}
Session ID: c354503b122654b2d2e63f6f649663b3
*** Element info: {Using=xpath, value=//select[@id=&apos;fcf&apos;]}
	at org.openqa.selenium.remote.http.W3CHttpResponseCodec.createException(W3CHttpResponseCodec.java:187)
	at org.openqa.selenium.remote.http.W3CHttpResponseCodec.decode(W3CHttpResponseCodec.java:122)
	at org.openqa.selenium.remote.http.W3CHttpResponseCodec.decode(W3CHttpResponseCodec.java:49)
	at org.openqa.selenium.remote.HttpCommandExecutor.execute(HttpCommandExecutor.java:158)
	at org.openqa.selenium.remote.service.DriverCommandExecutor.execute(DriverCommandExecutor.java:83)
	at org.openqa.selenium.remote.RemoteWebDriver.execute(RemoteWebDriver.java:552)
	at org.openqa.selenium.remote.RemoteWebDriver.findElement(RemoteWebDriver.java:323)
	at org.openqa.selenium.remote.RemoteWebDriver.findElementByXPath(RemoteWebDriver.java:428)
	at org.openqa.selenium.By$ByXPath.findElement(By.java:353)
	at org.openqa.selenium.remote.RemoteWebDriver.findElement(RemoteWebDriver.java:315)
	at com.training.Test.SalesForceAutomationTestCasesForCreateAccount.TestCase11(SalesForceAutomationTestCasesForCreateAccount.java:70)
	at java.base/java.util.ArrayList.forEach(ArrayList.java:1511)
... Removed 32 stack frames</div></td></tr></table><p class="totop"><a href="#summary">back to summary</a></p>
<h3 id="m11">com.training.Test.SalesForceAutomationTestCasesForCreateAccount#TestCase12</h3><table class="result"><tr><th>Exception</th></tr><tr><td><div class="stacktrace">org.openqa.selenium.NoSuchElementException: Cannot locate element with text: katte
For documentation on this error, please visit: https://www.seleniumhq.org/exceptions/no_such_element.html
Build info: version: &apos;3.141.59&apos;, revision: &apos;e82be7d358&apos;, time: &apos;2018-11-14T08:17:03&apos;
System info: host: &apos;DESKTOP-9INP9V7&apos;, ip: &apos;10.0.0.177&apos;, os.name: &apos;Windows 10&apos;, os.arch: &apos;amd64&apos;, os.version: &apos;10.0&apos;, java.version: &apos;17.0.1&apos;
Driver info: driver.version: unknown
	at org.openqa.selenium.support.ui.Select.selectByVisibleText(Select.java:147)
	at com.training.Base.BaseTest.selectDataFromDropDownByVisibleText(BaseTest.java:370)
	at com.training.Test.SalesForceAutomationTestCasesForCreateAccount.TestCase12(SalesForceAutomationTestCasesForCreateAccount.java:85)
	at java.base/java.util.ArrayList.forEach(ArrayList.java:1511)
... Removed 27 stack frames</div></td></tr></table><p class="totop"><a href="#summary">back to summary</a></p>
<h3 id="m12">com.training.Test.SalesForceAutomationTestCasesForCreateAccount#TestCase10</h3><table class="result"><tr><th class="invisible"/></tr></table><p class="totop"><a href="#summary">back to summary</a></p>
<h3 id="m13">com.training.Test.SalesForceAutomationTestCasesForCreateAccount#TestCase13</h3><table class="result"><tr><th class="invisible"/></tr></table><p class="totop"><a href="#summary">back to summary</a></p>
<h3 id="m14">com.training.Test.SalesForceAutomationTestCasesForCreateAccount#TestCase14</h3><table class="result"><tr><th class="invisible"/></tr></table><p class="totop"><a href="#summary">back to summary</a></p>
<h2>MyTest4</h2><h3 id="m15">com.training.Test.SalesForceAutomationTestCasesForOpportunities#TestCase19</h3><table class="result"><tr><th>Exception</th></tr><tr><td><div class="stacktrace">org.openqa.selenium.InvalidSelectorException: invalid selector
from javascript error: {&quot;status&quot;:32,&quot;value&quot;:&quot;Unable to locate an element with the xpath expression  because of the following error:\nSyntaxError: Failed to execute &apos;evaluate&apos; on &apos;Document&apos;: The string &apos;&apos; is not a valid XPath expression.&quot;}
  (Session info: chrome=126.0.6478.62)
For documentation on this error, please visit: https://www.seleniumhq.org/exceptions/invalid_selector_exception.html
Build info: version: &apos;3.141.59&apos;, revision: &apos;e82be7d358&apos;, time: &apos;2018-11-14T08:17:03&apos;
System info: host: &apos;DESKTOP-9INP9V7&apos;, ip: &apos;10.0.0.177&apos;, os.name: &apos;Windows 10&apos;, os.arch: &apos;amd64&apos;, os.version: &apos;10.0&apos;, java.version: &apos;17.0.1&apos;
Driver info: org.openqa.selenium.chrome.ChromeDriver
Capabilities {acceptInsecureCerts: false, browserName: chrome, browserVersion: 126.0.6478.62, chrome: {chromedriverVersion: 126.0.6478.63 (df799988fdc9..., userDataDir: C:\Users\Gowtham\AppData\Lo...}, fedcm:accounts: true, goog:chromeOptions: {debuggerAddress: localhost:64384}, javascriptEnabled: true, networkConnectionEnabled: false, pageLoadStrategy: normal, platform: WINDOWS, platformName: WINDOWS, proxy: Proxy(), setWindowRect: true, strictFileInteractability: false, timeouts: {implicit: 0, pageLoad: 300000, script: 30000}, unhandledPromptBehavior: dismiss and notify, webauthn:extension:credBlob: true, webauthn:extension:largeBlob: true, webauthn:extension:minPinLength: true, webauthn:extension:prf: true, webauthn:virtualAuthenticators: true}
Session ID: b9cfe54318faabe92a2851e5dca0a5df
*** Element info: {Using=xpath, value=}
	at org.openqa.selenium.remote.http.W3CHttpResponseCodec.createException(W3CHttpResponseCodec.java:187)
	at org.openqa.selenium.remote.http.W3CHttpResponseCodec.decode(W3CHttpResponseCodec.java:122)
	at org.openqa.selenium.remote.http.W3CHttpResponseCodec.decode(W3CHttpResponseCodec.java:49)
	at org.openqa.selenium.remote.HttpCommandExecutor.execute(HttpCommandExecutor.java:158)
	at org.openqa.selenium.remote.service.DriverCommandExecutor.execute(DriverCommandExecutor.java:83)
	at org.openqa.selenium.remote.RemoteWebDriver.execute(RemoteWebDriver.java:552)
	at org.openqa.selenium.remote.RemoteWebDriver.findElement(RemoteWebDriver.java:323)
	at org.openqa.selenium.remote.RemoteWebDriver.findElementByXPath(RemoteWebDriver.java:428)
	at org.openqa.selenium.By$ByXPath.findElement(By.java:353)
	at org.openqa.selenium.remote.RemoteWebDriver.findElement(RemoteWebDriver.java:315)
	at com.training.Test.SalesForceAutomationTestCasesForOpportunities.TestCase19(SalesForceAutomationTestCasesForOpportunities.java:127)
	at java.base/java.util.ArrayList.forEach(ArrayList.java:1511)
... Removed 32 stack frames</div></td></tr></table><p class="totop"><a href="#summary">back to summary</a></p>
<h3 id="m16">com.training.Test.SalesForceAutomationTestCasesForOpportunities#TestCase15</h3><table class="result"><tr><th class="invisible"/></tr></table><p class="totop"><a href="#summary">back to summary</a></p>
<h3 id="m17">com.training.Test.SalesForceAutomationTestCasesForOpportunities#TestCase16</h3><table class="result"><tr><th class="invisible"/></tr></table><p class="totop"><a href="#summary">back to summary</a></p>
<h3 id="m18">com.training.Test.SalesForceAutomationTestCasesForOpportunities#TestCase17</h3><table class="result"><tr><th class="invisible"/></tr></table><p class="totop"><a href="#summary">back to summary</a></p>
<h3 id="m19">com.training.Test.SalesForceAutomationTestCasesForOpportunities#Testcase18</h3><table class="result"><tr><th class="invisible"/></tr></table><p class="totop"><a href="#summary">back to summary</a></p>
<h2>MyTest5</h2><h3 id="m20">com.training.Test.SalesForceAutomationTestCasesForLeads#TestCase20</h3><table class="result"><tr><th class="invisible"/></tr></table><p class="totop"><a href="#summary">back to summary</a></p>
<h3 id="m21">com.training.Test.SalesForceAutomationTestCasesForLeads#TestCase21</h3><table class="result"><tr><th class="invisible"/></tr></table><p class="totop"><a href="#summary">back to summary</a></p>
<h3 id="m22">com.training.Test.SalesForceAutomationTestCasesForLeads#TestCase22</h3><table class="result"><tr><th class="invisible"/></tr></table><p class="totop"><a href="#summary">back to summary</a></p>
<h3 id="m23">com.training.Test.SalesForceAutomationTestCasesForLeads#TestCase23</h3><table class="result"><tr><th class="invisible"/></tr></table><p class="totop"><a href="#summary">back to summary</a></p>
<h3 id="m24">com.training.Test.SalesForceAutomationTestCasesForLeads#TestCase24</h3><table class="result"><tr><th class="invisible"/></tr></table><p class="totop"><a href="#summary">back to summary</a></p>
<h2>MyTest6</h2><h3 id="m25">com.training.Test.SalesForceAutomationTestCasesForContacts#TestCase26</h3><table class="result"><tr><th>Exception</th></tr><tr><td><div class="stacktrace">org.openqa.selenium.NoSuchElementException: no such element: Unable to locate element: {&quot;method&quot;:&quot;xpath&quot;,&quot;selector&quot;:&quot;//select[@id=&apos;00BIU00000CKTTn_listSelect&apos;]&quot;}
  (Session info: chrome=126.0.6478.62)
For documentation on this error, please visit: https://www.seleniumhq.org/exceptions/no_such_element.html
Build info: version: &apos;3.141.59&apos;, revision: &apos;e82be7d358&apos;, time: &apos;2018-11-14T08:17:03&apos;
System info: host: &apos;DESKTOP-9INP9V7&apos;, ip: &apos;10.0.0.177&apos;, os.name: &apos;Windows 10&apos;, os.arch: &apos;amd64&apos;, os.version: &apos;10.0&apos;, java.version: &apos;17.0.1&apos;
Driver info: org.openqa.selenium.chrome.ChromeDriver
Capabilities {acceptInsecureCerts: false, browserName: chrome, browserVersion: 126.0.6478.62, chrome: {chromedriverVersion: 126.0.6478.63 (df799988fdc9..., userDataDir: C:\Users\Gowtham\AppData\Lo...}, fedcm:accounts: true, goog:chromeOptions: {debuggerAddress: localhost:51523}, javascriptEnabled: true, networkConnectionEnabled: false, pageLoadStrategy: normal, platform: WINDOWS, platformName: WINDOWS, proxy: Proxy(), setWindowRect: true, strictFileInteractability: false, timeouts: {implicit: 0, pageLoad: 300000, script: 30000}, unhandledPromptBehavior: dismiss and notify, webauthn:extension:credBlob: true, webauthn:extension:largeBlob: true, webauthn:extension:minPinLength: true, webauthn:extension:prf: true, webauthn:virtualAuthenticators: true}
Session ID: 37145f8f4c7fc22f610851a9ba2cc3b7
*** Element info: {Using=xpath, value=//select[@id=&apos;00BIU00000CKTTn_listSelect&apos;]}
	at org.openqa.selenium.remote.http.W3CHttpResponseCodec.createException(W3CHttpResponseCodec.java:187)
	at org.openqa.selenium.remote.http.W3CHttpResponseCodec.decode(W3CHttpResponseCodec.java:122)
	at org.openqa.selenium.remote.http.W3CHttpResponseCodec.decode(W3CHttpResponseCodec.java:49)
	at org.openqa.selenium.remote.HttpCommandExecutor.execute(HttpCommandExecutor.java:158)
	at org.openqa.selenium.remote.service.DriverCommandExecutor.execute(DriverCommandExecutor.java:83)
	at org.openqa.selenium.remote.RemoteWebDriver.execute(RemoteWebDriver.java:552)
	at org.openqa.selenium.remote.RemoteWebDriver.findElement(RemoteWebDriver.java:323)
	at org.openqa.selenium.remote.RemoteWebDriver.findElementByXPath(RemoteWebDriver.java:428)
	at org.openqa.selenium.By$ByXPath.findElement(By.java:353)
	at org.openqa.selenium.remote.RemoteWebDriver.findElement(RemoteWebDriver.java:315)
	at com.training.Test.SalesForceAutomationTestCasesForContacts.TestCase26(SalesForceAutomationTestCasesForContacts.java:73)
	at java.base/java.util.ArrayList.forEach(ArrayList.java:1511)
... Removed 32 stack frames</div></td></tr></table><p class="totop"><a href="#summary">back to summary</a></p>
<h3 id="m26">com.training.Test.SalesForceAutomationTestCasesForContacts#TestCase25</h3><table class="result"><tr><th class="invisible"/></tr></table><p class="totop"><a href="#summary">back to summary</a></p>
<h3 id="m27">com.training.Test.SalesForceAutomationTestCasesForContacts#TestCase27</h3><table class="result"><tr><th class="invisible"/></tr></table><p class="totop"><a href="#summary">back to summary</a></p>
<h3 id="m28">com.training.Test.SalesForceAutomationTestCasesForContacts#TestCase28</h3><table class="result"><tr><th class="invisible"/></tr></table><p class="totop"><a href="#summary">back to summary</a></p>
<h3 id="m29">com.training.Test.SalesForceAutomationTestCasesForContacts#TestCase29</h3><table class="result"><tr><th class="invisible"/></tr></table><p class="totop"><a href="#summary">back to summary</a></p>
<h3 id="m30">com.training.Test.SalesForceAutomationTestCasesForContacts#TestCase30</h3><table class="result"><tr><th class="invisible"/></tr></table><p class="totop"><a href="#summary">back to summary</a></p>
<h3 id="m31">com.training.Test.SalesForceAutomationTestCasesForContacts#TestCase31</h3><table class="result"><tr><th class="invisible"/></tr></table><p class="totop"><a href="#summary">back to summary</a></p>
<h3 id="m32">com.training.Test.SalesForceAutomationTestCasesForContacts#TestCase32</h3><table class="result"><tr><th class="invisible"/></tr></table><p class="totop"><a href="#summary">back to summary</a></p>
<h2>MyTest7</h2><h3 id="m33">com.training.Test.SalesForceAutomationTestCasesForRandomScenarios#TestCase36</h3><table class="result"><tr><th>Exception</th></tr><tr><td><div class="stacktrace">org.openqa.selenium.NoSuchElementException: no such element: Unable to locate element: {&quot;method&quot;:&quot;xpath&quot;,&quot;selector&quot;:&quot;//a[text()=&apos;Tuesday 18 June 2024&apos;]&quot;}
  (Session info: chrome=126.0.6478.62)
For documentation on this error, please visit: https://www.seleniumhq.org/exceptions/no_such_element.html
Build info: version: &apos;3.141.59&apos;, revision: &apos;e82be7d358&apos;, time: &apos;2018-11-14T08:17:03&apos;
System info: host: &apos;DESKTOP-9INP9V7&apos;, ip: &apos;10.0.0.177&apos;, os.name: &apos;Windows 10&apos;, os.arch: &apos;amd64&apos;, os.version: &apos;10.0&apos;, java.version: &apos;17.0.1&apos;
Driver info: org.openqa.selenium.chrome.ChromeDriver
Capabilities {acceptInsecureCerts: false, browserName: chrome, browserVersion: 126.0.6478.62, chrome: {chromedriverVersion: 126.0.6478.63 (df799988fdc9..., userDataDir: C:\Users\Gowtham\AppData\Lo...}, fedcm:accounts: true, goog:chromeOptions: {debuggerAddress: localhost:51990}, javascriptEnabled: true, networkConnectionEnabled: false, pageLoadStrategy: normal, platform: WINDOWS, platformName: WINDOWS, proxy: Proxy(), setWindowRect: true, strictFileInteractability: false, timeouts: {implicit: 0, pageLoad: 300000, script: 30000}, unhandledPromptBehavior: dismiss and notify, webauthn:extension:credBlob: true, webauthn:extension:largeBlob: true, webauthn:extension:minPinLength: true, webauthn:extension:prf: true, webauthn:virtualAuthenticators: true}
Session ID: 7799af7e19d9d4a809981252224fd7eb
*** Element info: {Using=xpath, value=//a[text()=&apos;Tuesday 18 June 2024&apos;]}
	at org.openqa.selenium.remote.http.W3CHttpResponseCodec.createException(W3CHttpResponseCodec.java:187)
	at org.openqa.selenium.remote.http.W3CHttpResponseCodec.decode(W3CHttpResponseCodec.java:122)
	at org.openqa.selenium.remote.http.W3CHttpResponseCodec.decode(W3CHttpResponseCodec.java:49)
	at org.openqa.selenium.remote.HttpCommandExecutor.execute(HttpCommandExecutor.java:158)
	at org.openqa.selenium.remote.service.DriverCommandExecutor.execute(DriverCommandExecutor.java:83)
	at org.openqa.selenium.remote.RemoteWebDriver.execute(RemoteWebDriver.java:552)
	at org.openqa.selenium.remote.RemoteWebDriver.findElement(RemoteWebDriver.java:323)
	at org.openqa.selenium.remote.RemoteWebDriver.findElementByXPath(RemoteWebDriver.java:428)
	at org.openqa.selenium.By$ByXPath.findElement(By.java:353)
	at org.openqa.selenium.remote.RemoteWebDriver.findElement(RemoteWebDriver.java:315)
	at com.training.Test.SalesForceAutomationTestCasesForRandomScenarios.TestCase36(SalesForceAutomationTestCasesForRandomScenarios.java:150)
	at java.base/java.util.ArrayList.forEach(ArrayList.java:1511)
... Removed 32 stack frames</div></td></tr></table><p class="totop"><a href="#summary">back to summary</a></p>
<h3 id="m34">com.training.Test.SalesForceAutomationTestCasesForRandomScenarios#TestCase37</h3><table class="result"><tr><th>Exception</th></tr><tr><td><div class="stacktrace">org.openqa.selenium.NoSuchElementException: no such element: Unable to locate element: {&quot;method&quot;:&quot;xpath&quot;,&quot;selector&quot;:&quot;//a[text()=&apos;Tuesday 18 June 2024&apos;]&quot;}
  (Session info: chrome=126.0.6478.62)
For documentation on this error, please visit: https://www.seleniumhq.org/exceptions/no_such_element.html
Build info: version: &apos;3.141.59&apos;, revision: &apos;e82be7d358&apos;, time: &apos;2018-11-14T08:17:03&apos;
System info: host: &apos;DESKTOP-9INP9V7&apos;, ip: &apos;10.0.0.177&apos;, os.name: &apos;Windows 10&apos;, os.arch: &apos;amd64&apos;, os.version: &apos;10.0&apos;, java.version: &apos;17.0.1&apos;
Driver info: org.openqa.selenium.chrome.ChromeDriver
Capabilities {acceptInsecureCerts: false, browserName: chrome, browserVersion: 126.0.6478.62, chrome: {chromedriverVersion: 126.0.6478.63 (df799988fdc9..., userDataDir: C:\Users\Gowtham\AppData\Lo...}, fedcm:accounts: true, goog:chromeOptions: {debuggerAddress: localhost:52056}, javascriptEnabled: true, networkConnectionEnabled: false, pageLoadStrategy: normal, platform: WINDOWS, platformName: WINDOWS, proxy: Proxy(), setWindowRect: true, strictFileInteractability: false, timeouts: {implicit: 0, pageLoad: 300000, script: 30000}, unhandledPromptBehavior: dismiss and notify, webauthn:extension:credBlob: true, webauthn:extension:largeBlob: true, webauthn:extension:minPinLength: true, webauthn:extension:prf: true, webauthn:virtualAuthenticators: true}
Session ID: e9f30ff945808eb19739ddefd0871148
*** Element info: {Using=xpath, value=//a[text()=&apos;Tuesday 18 June 2024&apos;]}
	at org.openqa.selenium.remote.http.W3CHttpResponseCodec.createException(W3CHttpResponseCodec.java:187)
	at org.openqa.selenium.remote.http.W3CHttpResponseCodec.decode(W3CHttpResponseCodec.java:122)
	at org.openqa.selenium.remote.http.W3CHttpResponseCodec.decode(W3CHttpResponseCodec.java:49)
	at org.openqa.selenium.remote.HttpCommandExecutor.execute(HttpCommandExecutor.java:158)
	at org.openqa.selenium.remote.service.DriverCommandExecutor.execute(DriverCommandExecutor.java:83)
	at org.openqa.selenium.remote.RemoteWebDriver.execute(RemoteWebDriver.java:552)
	at org.openqa.selenium.remote.RemoteWebDriver.findElement(RemoteWebDriver.java:323)
	at org.openqa.selenium.remote.RemoteWebDriver.findElementByXPath(RemoteWebDriver.java:428)
	at org.openqa.selenium.By$ByXPath.findElement(By.java:353)
	at org.openqa.selenium.remote.RemoteWebDriver.findElement(RemoteWebDriver.java:315)
	at com.training.Test.SalesForceAutomationTestCasesForRandomScenarios.TestCase37(SalesForceAutomationTestCasesForRandomScenarios.java:187)
	at java.base/java.util.ArrayList.forEach(ArrayList.java:1511)
... Removed 32 stack frames</div></td></tr></table><p class="totop"><a href="#summary">back to summary</a></p>
<h3 id="m35">com.training.Test.SalesForceAutomationTestCasesForRandomScenarios#TestCase33</h3><table class="result"><tr><th class="invisible"/></tr></table><p class="totop"><a href="#summary">back to summary</a></p>
<h3 id="m36">com.training.Test.SalesForceAutomationTestCasesForRandomScenarios#TestCase34</h3><table class="result"><tr><th class="invisible"/></tr></table><p class="totop"><a href="#summary">back to summary</a></p>
<h3 id="m37">com.training.Test.SalesForceAutomationTestCasesForRandomScenarios#TestCase35</h3><table class="result"><tr><th class="invisible"/></tr></table><p class="totop"><a href="#summary">back to summary</a></p>
</body>
</html>
